<?xml version="1.0" encoding="UTF-8"?>
<testsuite name="me.jack.library.AndroidGreetingTest" tests="1" skipped="0" failures="0" errors="0" timestamp="2021-11-28T00:55:34" hostname="Jacks-Mac-mini.atlanticbb.net" time="0.016">
  <properties/>
  <testcase name="testExample" classname="me.jack.library.AndroidGreetingTest" time="0.016"/>
  <system-out><![CDATA[]]></system-out>
  <system-err><![CDATA[]]></system-err>
</testsuite>
